{
  "RSpec": {
    "coverage": {
      "/Users/matheustardivo/code/git/pagseguro_client/lib/pagseguro_client.rb": [
        1,
        1,
        null,
        1,
        1,
        1,
        1,
        1,
        1
      ],
      "/Users/matheustardivo/code/git/pagseguro_client/lib/pagseguro_client/base.rb": [
        1,
        1,
        null,
        1,
        null,
        1,
        14,
        null,
        null,
        1,
        13,
        null,
        null,
        1,
        13,
        null,
        13,
        null,
        13,
        0,
        null,
        null,
        13,
        null,
        null,
        1,
        1,
        null,
        null,
        1,
        5,
        null,
        null,
        1,
        2,
        null,
        null,
        1,
        1,
        null,
        null,
        1,
        1,
        null,
        null,
        1,
        3,
        null,
        null,
        1,
        1,
        null,
        null,
        1,
        2,
        null,
        null,
        1,
        1,
        null,
        null,
        1,
        0,
        null,
        null,
        1,
        1,
        null
      ],
      "/Users/matheustardivo/code/git/pagseguro_client/lib/pagseguro_client/transaction.rb": [
        null,
        1,
        1,
        1,
        null,
        null,
        null,
        null,
        null,
        null,
        null,
        1,
        null,
        null,
        null,
        null,
        null,
        null,
        null,
        null,
        1,
        null,
        1,
        6,
        42,
        null,
        null,
        null,
        1,
        6,
        6,
        6,
        6,
        6,
        6,
        6,
        6,
        6,
        null,
        null,
        null,
        6,
        null,
        null,
        null,
        null,
        null,
        null,
        null,
        null,
        null,
        null,
        6,
        null,
        null,
        null,
        null,
        null,
        null,
        null,
        null,
        null,
        null,
        null,
        null,
        null,
        null,
        1,
        0,
        null,
        null,
        1,
        0,
        null,
        null,
        null,
        null,
        null,
        null,
        null,
        null,
        0,
        null,
        null,
        null
      ],
      "/Users/matheustardivo/code/git/pagseguro_client/lib/pagseguro_client/notification.rb": [
        null,
        null,
        1,
        1,
        1,
        0,
        null,
        null,
        null
      ],
      "/Users/matheustardivo/code/git/pagseguro_client/lib/pagseguro_client/order.rb": [
        1,
        1,
        null,
        1,
        null,
        1,
        5,
        5,
        5,
        null,
        null,
        null,
        null,
        null,
        null,
        null,
        1,
        5,
        null,
        null,
        1,
        1,
        1,
        1,
        null,
        1,
        3,
        3,
        3,
        3,
        3,
        null,
        null,
        1,
        null,
        null,
        1,
        2,
        null,
        null,
        2,
        1,
        1,
        1,
        null,
        null,
        1,
        null,
        null,
        null,
        1,
        null,
        null,
        null,
        null,
        null,
        1,
        0,
        0,
        null,
        null,
        null,
        null,
        0,
        null,
        0,
        0,
        null,
        null,
        null,
        null,
        1,
        1,
        1,
        1,
        null,
        null,
        null
      ],
      "/Users/matheustardivo/code/git/pagseguro_client/lib/pagseguro_client/railtie.rb": [
        1,
        1,
        1,
        0,
        null,
        null,
        null
      ],
      "/Users/matheustardivo/code/git/pagseguro_client/spec/support/config/boot.rb": [
        1,
        null,
        1,
        1,
        null,
        1,
        1,
        null,
        1,
        1,
        1,
        1,
        null,
        null,
        null,
        1
      ],
      "/Users/matheustardivo/code/git/pagseguro_client/spec/support/config/routes.rb": [
        1,
        null
      ],
      "/Users/matheustardivo/code/git/pagseguro_client/spec/pagseguro_client/notification_spec.rb": [
        null,
        1,
        null,
        1,
        1,
        1,
        1,
        6,
        null,
        null,
        2,
        2,
        2,
        2,
        2,
        1,
        1,
        null,
        null,
        null,
        null
      ],
      "/Users/matheustardivo/code/git/pagseguro_client/spec/pagseguro_client/order_spec.rb": [
        1,
        null,
        1,
        1,
        null,
        1,
        1,
        1,
        null,
        null,
        2,
        null,
        null,
        1,
        1,
        3,
        3,
        3,
        null,
        null,
        1,
        1,
        null,
        null,
        null,
        null,
        null,
        null,
        null,
        1,
        1,
        null,
        null,
        1,
        1,
        1,
        1,
        null,
        null,
        1,
        1,
        1,
        null,
        1,
        1,
        1,
        1,
        null,
        1,
        1,
        1,
        null,
        null,
        null,
        1,
        1,
        1,
        null,
        null,
        null,
        1,
        1,
        1,
        1,
        1,
        null,
        null,
        null,
        null
      ]
    },
    "timestamp": 1373231524
  }
}
